ARM GAS  C:\Users\Pablo\AppData\Local\Temp\cc5wKjri.s 			page 1


   1              		.cpu cortex-m0
   2              		.fpu softvfp
   3              		.eabi_attribute 20, 1
   4              		.eabi_attribute 21, 1
   5              		.eabi_attribute 23, 3
   6              		.eabi_attribute 24, 1
   7              		.eabi_attribute 25, 1
   8              		.eabi_attribute 26, 1
   9              		.eabi_attribute 30, 1
  10              		.eabi_attribute 34, 0
  11              		.eabi_attribute 18, 4
  12              		.code	16
  13              		.file	"main.c"
  14              		.text
  15              	.Ltext0:
  16              		.cfi_sections	.debug_frame
  17              		.section	.text.main,"ax",%progbits
  18              		.align	2
  19              		.global	main
  20              		.code	16
  21              		.thumb_func
  22              		.type	main, %function
  23              	main:
  24              	.LFB34:
  25              		.file 1 "main.c"
   1:main.c        **** /*
   2:main.c        **** 
   3:main.c        **** The MIT License (MIT)
   4:main.c        **** 
   5:main.c        **** Copyright (c) 2014 CAIMANICS (Pablo Bacho)
   6:main.c        **** 
   7:main.c        **** Permission is hereby granted, free of charge, to any person obtaining a copy
   8:main.c        **** of this software and associated documentation files (the "Software"), to deal
   9:main.c        **** in the Software without restriction, including without limitation the rights
  10:main.c        **** to use, copy, modify, merge, publish, distribute, sublicense, and/or sell
  11:main.c        **** copies of the Software, and to permit persons to whom the Software is
  12:main.c        **** furnished to do so, subject to the following conditions:
  13:main.c        **** 
  14:main.c        **** The above copyright notice and this permission notice shall be included in all
  15:main.c        **** copies or substantial portions of the Software.
  16:main.c        **** 
  17:main.c        **** THE SOFTWARE IS PROVIDED "AS IS", WITHOUT WARRANTY OF ANY KIND, EXPRESS OR
  18:main.c        **** IMPLIED, INCLUDING BUT NOT LIMITED TO THE WARRANTIES OF MERCHANTABILITY,
  19:main.c        **** FITNESS FOR A PARTICULAR PURPOSE AND NONINFRINGEMENT. IN NO EVENT SHALL THE
  20:main.c        **** AUTHORS OR COPYRIGHT HOLDERS BE LIABLE FOR ANY CLAIM, DAMAGES OR OTHER
  21:main.c        **** LIABILITY, WHETHER IN AN ACTION OF CONTRACT, TORT OR OTHERWISE, ARISING FROM,
  22:main.c        **** OUT OF OR IN CONNECTION WITH THE SOFTWARE OR THE USE OR OTHER DEALINGS IN THE
  23:main.c        **** SOFTWARE.
  24:main.c        **** 
  25:main.c        **** */
  26:main.c        **** 
  27:main.c        **** #include <project.h>
  28:main.c        **** 
  29:main.c        **** XBEE_packet_t packet;
  30:main.c        **** uint8_t payload[] = "HOLA";
  31:main.c        **** 
  32:main.c        **** int main()
ARM GAS  C:\Users\Pablo\AppData\Local\Temp\cc5wKjri.s 			page 2


  33:main.c        **** {
  26              		.loc 1 33 0
  27              		.cfi_startproc
  28 0000 30B5     		push	{r4, r5, lr}
  29              		.cfi_def_cfa_offset 12
  30              		.cfi_offset 4, -12
  31              		.cfi_offset 5, -8
  32              		.cfi_offset 14, -4
  33 0002 85B0     		sub	sp, sp, #20
  34              		.cfi_def_cfa_offset 32
  35              	.LVL0:
  34:main.c        ****     uint8_t frameId = 0;
  35:main.c        ****     
  36:main.c        ****     /* Place your initialization/startup code here (e.g. MyInst_Start()) */
  37:main.c        ****     XBEE_Start();
  36              		.loc 1 37 0
  37 0004 FFF7FEFF 		bl	XBEE_Start
  38              	.LVL1:
  38:main.c        ****     
  39:main.c        ****     CyGlobalIntEnable; /* Uncomment this line to enable global interrupts. */
  39              		.loc 1 39 0
  40              	@ 39 "main.c" 1
  41 0008 62B6     		CPSIE   i
  42              	@ 0 "" 2
  34:main.c        ****     uint8_t frameId = 0;
  43              		.loc 1 34 0
  44              		.code	16
  45 000a 0025     		mov	r5, #0
  46              	.LVL2:
  47              	.L2:
  40:main.c        ****     
  41:main.c        ****     for(;;)
  42:main.c        ****     {
  43:main.c        ****         /* Place your application code here. */
  44:main.c        ****         CyDelay(500);
  48              		.loc 1 44 0 discriminator 1
  49 000c FA24     		mov	r4, #250
  50 000e 6400     		lsl	r4, r4, #1
  51 0010 201C     		mov	r0, r4
  52 0012 FFF7FEFF 		bl	CyDelay
  53              	.LVL3:
  45:main.c        ****         LED_Write(1);
  54              		.loc 1 45 0 discriminator 1
  55 0016 0120     		mov	r0, #1
  56 0018 FFF7FEFF 		bl	LED_Write
  57              	.LVL4:
  46:main.c        ****         CyDelay(500);
  58              		.loc 1 46 0 discriminator 1
  59 001c 201C     		mov	r0, r4
  60 001e FFF7FEFF 		bl	CyDelay
  61              	.LVL5:
  47:main.c        ****         LED_Write(0);
  62              		.loc 1 47 0 discriminator 1
  63 0022 0020     		mov	r0, #0
  64 0024 FFF7FEFF 		bl	LED_Write
  65              	.LVL6:
  48:main.c        ****         XBEE_ZigBeeTransmitRequest(&packet, frameId++, XBEE_BROADCAST_HW_ADDRESS, XBEE_BROADCAST_NW
ARM GAS  C:\Users\Pablo\AppData\Local\Temp\cc5wKjri.s 			page 3


  66              		.loc 1 48 0 discriminator 1
  67 0028 6C1C     		add	r4, r5, #1
  68 002a E4B2     		uxtb	r4, r4
  69              	.LVL7:
  70 002c 0023     		mov	r3, #0
  71 002e 0093     		str	r3, [sp]
  72 0030 0193     		str	r3, [sp, #4]
  73 0032 064B     		ldr	r3, .L3
  74 0034 0293     		str	r3, [sp, #8]
  75 0036 0423     		mov	r3, #4
  76 0038 0393     		str	r3, [sp, #12]
  77 003a 0548     		ldr	r0, .L3+4
  78 003c 291C     		mov	r1, r5
  79 003e 054A     		ldr	r2, .L3+8
  80 0040 054B     		ldr	r3, .L3+12
  81 0042 FFF7FEFF 		bl	XBEE_ZigBeeTransmitRequest
  82              	.LVL8:
  83 0046 251C     		mov	r5, r4
  49:main.c        ****     }
  84              		.loc 1 49 0 discriminator 1
  85 0048 E0E7     		b	.L2
  86              	.L4:
  87 004a C046     		.align	2
  88              	.L3:
  89 004c 00000000 		.word	.LANCHOR0
  90 0050 00000000 		.word	packet
  91 0054 00000000 		.word	XBEE_BROADCAST_HW_ADDRESS
  92 0058 00000000 		.word	XBEE_BROADCAST_NWK_ADDRESS
  93              		.cfi_endproc
  94              	.LFE34:
  95              		.size	main, .-main
  96              		.global	payload
  97              		.comm	packet,84,4
  98              		.data
  99              		.align	2
 100              		.set	.LANCHOR0,. + 0
 101              		.type	payload, %object
 102              		.size	payload, 5
 103              	payload:
 104 0000 484F4C41 		.ascii	"HOLA\000"
 104      00
 105 0005 000000   		.text
 106              	.Letext0:
 107              		.file 2 "c:\\program files (x86)\\cypress\\psoc creator\\4.0\\psoc creator\\import\\gnu\\arm\\4.9.
 108              		.file 3 "c:\\program files (x86)\\cypress\\psoc creator\\4.0\\psoc creator\\import\\gnu\\arm\\4.9.
 109              		.file 4 "Generated_Source\\PSoC4/cytypes.h"
 110              		.file 5 "Generated_Source\\PSoC4/XBEE.h"
 111              		.file 6 "Generated_Source\\PSoC4/CyLib.h"
 112              		.file 7 "Generated_Source\\PSoC4/LED.h"
 113              		.section	.debug_info,"",%progbits
 114              	.Ldebug_info0:
 115 0000 89020000 		.4byte	0x289
 116 0004 0400     		.2byte	0x4
 117 0006 00000000 		.4byte	.Ldebug_abbrev0
 118 000a 04       		.byte	0x4
 119 000b 01       		.uleb128 0x1
 120 000c 65010000 		.4byte	.LASF28
ARM GAS  C:\Users\Pablo\AppData\Local\Temp\cc5wKjri.s 			page 4


 121 0010 01       		.byte	0x1
 122 0011 59010000 		.4byte	.LASF29
 123 0015 89000000 		.4byte	.LASF30
 124 0019 00000000 		.4byte	.Ldebug_ranges0+0
 125 001d 00000000 		.4byte	0
 126 0021 00000000 		.4byte	.Ldebug_line0
 127 0025 02       		.uleb128 0x2
 128 0026 01       		.byte	0x1
 129 0027 06       		.byte	0x6
 130 0028 1D020000 		.4byte	.LASF0
 131 002c 03       		.uleb128 0x3
 132 002d 00000000 		.4byte	.LASF3
 133 0031 02       		.byte	0x2
 134 0032 1D       		.byte	0x1d
 135 0033 37000000 		.4byte	0x37
 136 0037 02       		.uleb128 0x2
 137 0038 01       		.byte	0x1
 138 0039 08       		.byte	0x8
 139 003a 58000000 		.4byte	.LASF1
 140 003e 02       		.uleb128 0x2
 141 003f 02       		.byte	0x2
 142 0040 05       		.byte	0x5
 143 0041 F3010000 		.4byte	.LASF2
 144 0045 03       		.uleb128 0x3
 145 0046 CC000000 		.4byte	.LASF4
 146 004a 02       		.byte	0x2
 147 004b 2B       		.byte	0x2b
 148 004c 50000000 		.4byte	0x50
 149 0050 02       		.uleb128 0x2
 150 0051 02       		.byte	0x2
 151 0052 07       		.byte	0x7
 152 0053 29020000 		.4byte	.LASF5
 153 0057 02       		.uleb128 0x2
 154 0058 04       		.byte	0x4
 155 0059 05       		.byte	0x5
 156 005a 14020000 		.4byte	.LASF6
 157 005e 02       		.uleb128 0x2
 158 005f 04       		.byte	0x4
 159 0060 07       		.byte	0x7
 160 0061 FC000000 		.4byte	.LASF7
 161 0065 02       		.uleb128 0x2
 162 0066 08       		.byte	0x8
 163 0067 05       		.byte	0x5
 164 0068 4B010000 		.4byte	.LASF8
 165 006c 02       		.uleb128 0x2
 166 006d 08       		.byte	0x8
 167 006e 07       		.byte	0x7
 168 006f 1B010000 		.4byte	.LASF9
 169 0073 04       		.uleb128 0x4
 170 0074 04       		.byte	0x4
 171 0075 05       		.byte	0x5
 172 0076 696E7400 		.ascii	"int\000"
 173 007a 02       		.uleb128 0x2
 174 007b 04       		.byte	0x4
 175 007c 07       		.byte	0x7
 176 007d 0E010000 		.4byte	.LASF10
 177 0081 03       		.uleb128 0x3
ARM GAS  C:\Users\Pablo\AppData\Local\Temp\cc5wKjri.s 			page 5


 178 0082 32010000 		.4byte	.LASF11
 179 0086 03       		.byte	0x3
 180 0087 15       		.byte	0x15
 181 0088 2C000000 		.4byte	0x2c
 182 008c 03       		.uleb128 0x3
 183 008d FD010000 		.4byte	.LASF12
 184 0091 03       		.byte	0x3
 185 0092 21       		.byte	0x21
 186 0093 45000000 		.4byte	0x45
 187 0097 05       		.uleb128 0x5
 188 0098 C6000000 		.4byte	.LASF13
 189 009c 04       		.byte	0x4
 190 009d B901     		.2byte	0x1b9
 191 009f 37000000 		.4byte	0x37
 192 00a3 05       		.uleb128 0x5
 193 00a4 F5000000 		.4byte	.LASF14
 194 00a8 04       		.byte	0x4
 195 00a9 BB01     		.2byte	0x1bb
 196 00ab 5E000000 		.4byte	0x5e
 197 00af 02       		.uleb128 0x2
 198 00b0 04       		.byte	0x4
 199 00b1 04       		.byte	0x4
 200 00b2 49000000 		.4byte	.LASF15
 201 00b6 02       		.uleb128 0x2
 202 00b7 08       		.byte	0x8
 203 00b8 04       		.byte	0x4
 204 00b9 D7000000 		.4byte	.LASF16
 205 00bd 02       		.uleb128 0x2
 206 00be 01       		.byte	0x1
 207 00bf 08       		.byte	0x8
 208 00c0 60010000 		.4byte	.LASF17
 209 00c4 02       		.uleb128 0x2
 210 00c5 04       		.byte	0x4
 211 00c6 07       		.byte	0x7
 212 00c7 42010000 		.4byte	.LASF18
 213 00cb 06       		.uleb128 0x6
 214 00cc 06020000 		.4byte	.LASF22
 215 00d0 54       		.byte	0x54
 216 00d1 05       		.byte	0x5
 217 00d2 93       		.byte	0x93
 218 00d3 FC000000 		.4byte	0xfc
 219 00d7 07       		.uleb128 0x7
 220 00d8 3C020000 		.4byte	.LASF19
 221 00dc 05       		.byte	0x5
 222 00dd 94       		.byte	0x94
 223 00de 8C000000 		.4byte	0x8c
 224 00e2 00       		.byte	0
 225 00e3 07       		.uleb128 0x7
 226 00e4 3A010000 		.4byte	.LASF20
 227 00e8 05       		.byte	0x5
 228 00e9 95       		.byte	0x95
 229 00ea FC000000 		.4byte	0xfc
 230 00ee 02       		.byte	0x2
 231 00ef 07       		.uleb128 0x7
 232 00f0 4F000000 		.4byte	.LASF21
 233 00f4 05       		.byte	0x5
 234 00f5 96       		.byte	0x96
ARM GAS  C:\Users\Pablo\AppData\Local\Temp\cc5wKjri.s 			page 6


 235 00f6 81000000 		.4byte	0x81
 236 00fa 52       		.byte	0x52
 237 00fb 00       		.byte	0
 238 00fc 08       		.uleb128 0x8
 239 00fd 81000000 		.4byte	0x81
 240 0101 0C010000 		.4byte	0x10c
 241 0105 09       		.uleb128 0x9
 242 0106 C4000000 		.4byte	0xc4
 243 010a 4F       		.byte	0x4f
 244 010b 00       		.byte	0
 245 010c 03       		.uleb128 0x3
 246 010d 06020000 		.4byte	.LASF22
 247 0111 05       		.byte	0x5
 248 0112 97       		.byte	0x97
 249 0113 CB000000 		.4byte	0xcb
 250 0117 0A       		.uleb128 0xa
 251 0118 DE000000 		.4byte	.LASF31
 252 011c 01       		.byte	0x1
 253 011d 20       		.byte	0x20
 254 011e 73000000 		.4byte	0x73
 255 0122 00000000 		.4byte	.LFB34
 256 0126 5C000000 		.4byte	.LFE34-.LFB34
 257 012a 01       		.uleb128 0x1
 258 012b 9C       		.byte	0x9c
 259 012c CC010000 		.4byte	0x1cc
 260 0130 0B       		.uleb128 0xb
 261 0131 66000000 		.4byte	.LASF32
 262 0135 01       		.byte	0x1
 263 0136 22       		.byte	0x22
 264 0137 81000000 		.4byte	0x81
 265 013b 00000000 		.4byte	.LLST0
 266 013f 0C       		.uleb128 0xc
 267 0140 08000000 		.4byte	.LVL1
 268 0144 1F020000 		.4byte	0x21f
 269 0148 0D       		.uleb128 0xd
 270 0149 16000000 		.4byte	.LVL3
 271 014d 26020000 		.4byte	0x226
 272 0151 5C010000 		.4byte	0x15c
 273 0155 0E       		.uleb128 0xe
 274 0156 01       		.uleb128 0x1
 275 0157 50       		.byte	0x50
 276 0158 02       		.uleb128 0x2
 277 0159 74       		.byte	0x74
 278 015a 00       		.sleb128 0
 279 015b 00       		.byte	0
 280 015c 0D       		.uleb128 0xd
 281 015d 1C000000 		.4byte	.LVL4
 282 0161 37020000 		.4byte	0x237
 283 0165 6F010000 		.4byte	0x16f
 284 0169 0E       		.uleb128 0xe
 285 016a 01       		.uleb128 0x1
 286 016b 50       		.byte	0x50
 287 016c 01       		.uleb128 0x1
 288 016d 31       		.byte	0x31
 289 016e 00       		.byte	0
 290 016f 0D       		.uleb128 0xd
 291 0170 22000000 		.4byte	.LVL5
ARM GAS  C:\Users\Pablo\AppData\Local\Temp\cc5wKjri.s 			page 7


 292 0174 26020000 		.4byte	0x226
 293 0178 83010000 		.4byte	0x183
 294 017c 0E       		.uleb128 0xe
 295 017d 01       		.uleb128 0x1
 296 017e 50       		.byte	0x50
 297 017f 02       		.uleb128 0x2
 298 0180 74       		.byte	0x74
 299 0181 00       		.sleb128 0
 300 0182 00       		.byte	0
 301 0183 0D       		.uleb128 0xd
 302 0184 28000000 		.4byte	.LVL6
 303 0188 37020000 		.4byte	0x237
 304 018c 96010000 		.4byte	0x196
 305 0190 0E       		.uleb128 0xe
 306 0191 01       		.uleb128 0x1
 307 0192 50       		.byte	0x50
 308 0193 01       		.uleb128 0x1
 309 0194 30       		.byte	0x30
 310 0195 00       		.byte	0
 311 0196 0F       		.uleb128 0xf
 312 0197 46000000 		.4byte	.LVL8
 313 019b 48020000 		.4byte	0x248
 314 019f 0E       		.uleb128 0xe
 315 01a0 01       		.uleb128 0x1
 316 01a1 51       		.byte	0x51
 317 01a2 02       		.uleb128 0x2
 318 01a3 75       		.byte	0x75
 319 01a4 00       		.sleb128 0
 320 01a5 0E       		.uleb128 0xe
 321 01a6 01       		.uleb128 0x1
 322 01a7 50       		.byte	0x50
 323 01a8 05       		.uleb128 0x5
 324 01a9 03       		.byte	0x3
 325 01aa 00000000 		.4byte	packet
 326 01ae 0E       		.uleb128 0xe
 327 01af 02       		.uleb128 0x2
 328 01b0 7D       		.byte	0x7d
 329 01b1 0C       		.sleb128 12
 330 01b2 01       		.uleb128 0x1
 331 01b3 34       		.byte	0x34
 332 01b4 0E       		.uleb128 0xe
 333 01b5 02       		.uleb128 0x2
 334 01b6 7D       		.byte	0x7d
 335 01b7 08       		.sleb128 8
 336 01b8 05       		.uleb128 0x5
 337 01b9 03       		.byte	0x3
 338 01ba 00000000 		.4byte	.LANCHOR0
 339 01be 0E       		.uleb128 0xe
 340 01bf 02       		.uleb128 0x2
 341 01c0 7D       		.byte	0x7d
 342 01c1 04       		.sleb128 4
 343 01c2 01       		.uleb128 0x1
 344 01c3 30       		.byte	0x30
 345 01c4 0E       		.uleb128 0xe
 346 01c5 02       		.uleb128 0x2
 347 01c6 7D       		.byte	0x7d
 348 01c7 00       		.sleb128 0
ARM GAS  C:\Users\Pablo\AppData\Local\Temp\cc5wKjri.s 			page 8


 349 01c8 01       		.uleb128 0x1
 350 01c9 30       		.byte	0x30
 351 01ca 00       		.byte	0
 352 01cb 00       		.byte	0
 353 01cc 08       		.uleb128 0x8
 354 01cd 81000000 		.4byte	0x81
 355 01d1 D7010000 		.4byte	0x1d7
 356 01d5 10       		.uleb128 0x10
 357 01d6 00       		.byte	0
 358 01d7 11       		.uleb128 0x11
 359 01d8 14000000 		.4byte	.LASF23
 360 01dc 05       		.byte	0x5
 361 01dd AB       		.byte	0xab
 362 01de CC010000 		.4byte	0x1cc
 363 01e2 11       		.uleb128 0x11
 364 01e3 2E000000 		.4byte	.LASF24
 365 01e7 05       		.byte	0x5
 366 01e8 AC       		.byte	0xac
 367 01e9 CC010000 		.4byte	0x1cc
 368 01ed 12       		.uleb128 0x12
 369 01ee E3000000 		.4byte	.LASF25
 370 01f2 01       		.byte	0x1
 371 01f3 1D       		.byte	0x1d
 372 01f4 0C010000 		.4byte	0x10c
 373 01f8 05       		.uleb128 0x5
 374 01f9 03       		.byte	0x3
 375 01fa 00000000 		.4byte	packet
 376 01fe 08       		.uleb128 0x8
 377 01ff 81000000 		.4byte	0x81
 378 0203 0E020000 		.4byte	0x20e
 379 0207 09       		.uleb128 0x9
 380 0208 C4000000 		.4byte	0xc4
 381 020c 04       		.byte	0x4
 382 020d 00       		.byte	0
 383 020e 12       		.uleb128 0x12
 384 020f 3A010000 		.4byte	.LASF20
 385 0213 01       		.byte	0x1
 386 0214 1E       		.byte	0x1e
 387 0215 FE010000 		.4byte	0x1fe
 388 0219 05       		.uleb128 0x5
 389 021a 03       		.byte	0x3
 390 021b 00000000 		.4byte	payload
 391 021f 13       		.uleb128 0x13
 392 0220 EA000000 		.4byte	.LASF33
 393 0224 05       		.byte	0x5
 394 0225 B3       		.byte	0xb3
 395 0226 14       		.uleb128 0x14
 396 0227 43020000 		.4byte	.LASF26
 397 022b 06       		.byte	0x6
 398 022c D9       		.byte	0xd9
 399 022d 37020000 		.4byte	0x237
 400 0231 15       		.uleb128 0x15
 401 0232 A3000000 		.4byte	0xa3
 402 0236 00       		.byte	0
 403 0237 14       		.uleb128 0x14
 404 0238 0A000000 		.4byte	.LASF27
 405 023c 07       		.byte	0x7
ARM GAS  C:\Users\Pablo\AppData\Local\Temp\cc5wKjri.s 			page 9


 406 023d 33       		.byte	0x33
 407 023e 48020000 		.4byte	0x248
 408 0242 15       		.uleb128 0x15
 409 0243 97000000 		.4byte	0x97
 410 0247 00       		.byte	0
 411 0248 16       		.uleb128 0x16
 412 0249 6E000000 		.4byte	.LASF34
 413 024d 05       		.byte	0x5
 414 024e C1       		.byte	0xc1
 415 024f 81000000 		.4byte	0x81
 416 0253 80020000 		.4byte	0x280
 417 0257 15       		.uleb128 0x15
 418 0258 80020000 		.4byte	0x280
 419 025c 15       		.uleb128 0x15
 420 025d 81000000 		.4byte	0x81
 421 0261 15       		.uleb128 0x15
 422 0262 86020000 		.4byte	0x286
 423 0266 15       		.uleb128 0x15
 424 0267 86020000 		.4byte	0x286
 425 026b 15       		.uleb128 0x15
 426 026c 81000000 		.4byte	0x81
 427 0270 15       		.uleb128 0x15
 428 0271 81000000 		.4byte	0x81
 429 0275 15       		.uleb128 0x15
 430 0276 86020000 		.4byte	0x286
 431 027a 15       		.uleb128 0x15
 432 027b 81000000 		.4byte	0x81
 433 027f 00       		.byte	0
 434 0280 17       		.uleb128 0x17
 435 0281 04       		.byte	0x4
 436 0282 0C010000 		.4byte	0x10c
 437 0286 17       		.uleb128 0x17
 438 0287 04       		.byte	0x4
 439 0288 81000000 		.4byte	0x81
 440 028c 00       		.byte	0
 441              		.section	.debug_abbrev,"",%progbits
 442              	.Ldebug_abbrev0:
 443 0000 01       		.uleb128 0x1
 444 0001 11       		.uleb128 0x11
 445 0002 01       		.byte	0x1
 446 0003 25       		.uleb128 0x25
 447 0004 0E       		.uleb128 0xe
 448 0005 13       		.uleb128 0x13
 449 0006 0B       		.uleb128 0xb
 450 0007 03       		.uleb128 0x3
 451 0008 0E       		.uleb128 0xe
 452 0009 1B       		.uleb128 0x1b
 453 000a 0E       		.uleb128 0xe
 454 000b 55       		.uleb128 0x55
 455 000c 17       		.uleb128 0x17
 456 000d 11       		.uleb128 0x11
 457 000e 01       		.uleb128 0x1
 458 000f 10       		.uleb128 0x10
 459 0010 17       		.uleb128 0x17
 460 0011 00       		.byte	0
 461 0012 00       		.byte	0
 462 0013 02       		.uleb128 0x2
ARM GAS  C:\Users\Pablo\AppData\Local\Temp\cc5wKjri.s 			page 10


 463 0014 24       		.uleb128 0x24
 464 0015 00       		.byte	0
 465 0016 0B       		.uleb128 0xb
 466 0017 0B       		.uleb128 0xb
 467 0018 3E       		.uleb128 0x3e
 468 0019 0B       		.uleb128 0xb
 469 001a 03       		.uleb128 0x3
 470 001b 0E       		.uleb128 0xe
 471 001c 00       		.byte	0
 472 001d 00       		.byte	0
 473 001e 03       		.uleb128 0x3
 474 001f 16       		.uleb128 0x16
 475 0020 00       		.byte	0
 476 0021 03       		.uleb128 0x3
 477 0022 0E       		.uleb128 0xe
 478 0023 3A       		.uleb128 0x3a
 479 0024 0B       		.uleb128 0xb
 480 0025 3B       		.uleb128 0x3b
 481 0026 0B       		.uleb128 0xb
 482 0027 49       		.uleb128 0x49
 483 0028 13       		.uleb128 0x13
 484 0029 00       		.byte	0
 485 002a 00       		.byte	0
 486 002b 04       		.uleb128 0x4
 487 002c 24       		.uleb128 0x24
 488 002d 00       		.byte	0
 489 002e 0B       		.uleb128 0xb
 490 002f 0B       		.uleb128 0xb
 491 0030 3E       		.uleb128 0x3e
 492 0031 0B       		.uleb128 0xb
 493 0032 03       		.uleb128 0x3
 494 0033 08       		.uleb128 0x8
 495 0034 00       		.byte	0
 496 0035 00       		.byte	0
 497 0036 05       		.uleb128 0x5
 498 0037 16       		.uleb128 0x16
 499 0038 00       		.byte	0
 500 0039 03       		.uleb128 0x3
 501 003a 0E       		.uleb128 0xe
 502 003b 3A       		.uleb128 0x3a
 503 003c 0B       		.uleb128 0xb
 504 003d 3B       		.uleb128 0x3b
 505 003e 05       		.uleb128 0x5
 506 003f 49       		.uleb128 0x49
 507 0040 13       		.uleb128 0x13
 508 0041 00       		.byte	0
 509 0042 00       		.byte	0
 510 0043 06       		.uleb128 0x6
 511 0044 13       		.uleb128 0x13
 512 0045 01       		.byte	0x1
 513 0046 03       		.uleb128 0x3
 514 0047 0E       		.uleb128 0xe
 515 0048 0B       		.uleb128 0xb
 516 0049 0B       		.uleb128 0xb
 517 004a 3A       		.uleb128 0x3a
 518 004b 0B       		.uleb128 0xb
 519 004c 3B       		.uleb128 0x3b
ARM GAS  C:\Users\Pablo\AppData\Local\Temp\cc5wKjri.s 			page 11


 520 004d 0B       		.uleb128 0xb
 521 004e 01       		.uleb128 0x1
 522 004f 13       		.uleb128 0x13
 523 0050 00       		.byte	0
 524 0051 00       		.byte	0
 525 0052 07       		.uleb128 0x7
 526 0053 0D       		.uleb128 0xd
 527 0054 00       		.byte	0
 528 0055 03       		.uleb128 0x3
 529 0056 0E       		.uleb128 0xe
 530 0057 3A       		.uleb128 0x3a
 531 0058 0B       		.uleb128 0xb
 532 0059 3B       		.uleb128 0x3b
 533 005a 0B       		.uleb128 0xb
 534 005b 49       		.uleb128 0x49
 535 005c 13       		.uleb128 0x13
 536 005d 38       		.uleb128 0x38
 537 005e 0B       		.uleb128 0xb
 538 005f 00       		.byte	0
 539 0060 00       		.byte	0
 540 0061 08       		.uleb128 0x8
 541 0062 01       		.uleb128 0x1
 542 0063 01       		.byte	0x1
 543 0064 49       		.uleb128 0x49
 544 0065 13       		.uleb128 0x13
 545 0066 01       		.uleb128 0x1
 546 0067 13       		.uleb128 0x13
 547 0068 00       		.byte	0
 548 0069 00       		.byte	0
 549 006a 09       		.uleb128 0x9
 550 006b 21       		.uleb128 0x21
 551 006c 00       		.byte	0
 552 006d 49       		.uleb128 0x49
 553 006e 13       		.uleb128 0x13
 554 006f 2F       		.uleb128 0x2f
 555 0070 0B       		.uleb128 0xb
 556 0071 00       		.byte	0
 557 0072 00       		.byte	0
 558 0073 0A       		.uleb128 0xa
 559 0074 2E       		.uleb128 0x2e
 560 0075 01       		.byte	0x1
 561 0076 3F       		.uleb128 0x3f
 562 0077 19       		.uleb128 0x19
 563 0078 03       		.uleb128 0x3
 564 0079 0E       		.uleb128 0xe
 565 007a 3A       		.uleb128 0x3a
 566 007b 0B       		.uleb128 0xb
 567 007c 3B       		.uleb128 0x3b
 568 007d 0B       		.uleb128 0xb
 569 007e 49       		.uleb128 0x49
 570 007f 13       		.uleb128 0x13
 571 0080 11       		.uleb128 0x11
 572 0081 01       		.uleb128 0x1
 573 0082 12       		.uleb128 0x12
 574 0083 06       		.uleb128 0x6
 575 0084 40       		.uleb128 0x40
 576 0085 18       		.uleb128 0x18
ARM GAS  C:\Users\Pablo\AppData\Local\Temp\cc5wKjri.s 			page 12


 577 0086 9742     		.uleb128 0x2117
 578 0088 19       		.uleb128 0x19
 579 0089 01       		.uleb128 0x1
 580 008a 13       		.uleb128 0x13
 581 008b 00       		.byte	0
 582 008c 00       		.byte	0
 583 008d 0B       		.uleb128 0xb
 584 008e 34       		.uleb128 0x34
 585 008f 00       		.byte	0
 586 0090 03       		.uleb128 0x3
 587 0091 0E       		.uleb128 0xe
 588 0092 3A       		.uleb128 0x3a
 589 0093 0B       		.uleb128 0xb
 590 0094 3B       		.uleb128 0x3b
 591 0095 0B       		.uleb128 0xb
 592 0096 49       		.uleb128 0x49
 593 0097 13       		.uleb128 0x13
 594 0098 02       		.uleb128 0x2
 595 0099 17       		.uleb128 0x17
 596 009a 00       		.byte	0
 597 009b 00       		.byte	0
 598 009c 0C       		.uleb128 0xc
 599 009d 898201   		.uleb128 0x4109
 600 00a0 00       		.byte	0
 601 00a1 11       		.uleb128 0x11
 602 00a2 01       		.uleb128 0x1
 603 00a3 31       		.uleb128 0x31
 604 00a4 13       		.uleb128 0x13
 605 00a5 00       		.byte	0
 606 00a6 00       		.byte	0
 607 00a7 0D       		.uleb128 0xd
 608 00a8 898201   		.uleb128 0x4109
 609 00ab 01       		.byte	0x1
 610 00ac 11       		.uleb128 0x11
 611 00ad 01       		.uleb128 0x1
 612 00ae 31       		.uleb128 0x31
 613 00af 13       		.uleb128 0x13
 614 00b0 01       		.uleb128 0x1
 615 00b1 13       		.uleb128 0x13
 616 00b2 00       		.byte	0
 617 00b3 00       		.byte	0
 618 00b4 0E       		.uleb128 0xe
 619 00b5 8A8201   		.uleb128 0x410a
 620 00b8 00       		.byte	0
 621 00b9 02       		.uleb128 0x2
 622 00ba 18       		.uleb128 0x18
 623 00bb 9142     		.uleb128 0x2111
 624 00bd 18       		.uleb128 0x18
 625 00be 00       		.byte	0
 626 00bf 00       		.byte	0
 627 00c0 0F       		.uleb128 0xf
 628 00c1 898201   		.uleb128 0x4109
 629 00c4 01       		.byte	0x1
 630 00c5 11       		.uleb128 0x11
 631 00c6 01       		.uleb128 0x1
 632 00c7 31       		.uleb128 0x31
 633 00c8 13       		.uleb128 0x13
ARM GAS  C:\Users\Pablo\AppData\Local\Temp\cc5wKjri.s 			page 13


 634 00c9 00       		.byte	0
 635 00ca 00       		.byte	0
 636 00cb 10       		.uleb128 0x10
 637 00cc 21       		.uleb128 0x21
 638 00cd 00       		.byte	0
 639 00ce 00       		.byte	0
 640 00cf 00       		.byte	0
 641 00d0 11       		.uleb128 0x11
 642 00d1 34       		.uleb128 0x34
 643 00d2 00       		.byte	0
 644 00d3 03       		.uleb128 0x3
 645 00d4 0E       		.uleb128 0xe
 646 00d5 3A       		.uleb128 0x3a
 647 00d6 0B       		.uleb128 0xb
 648 00d7 3B       		.uleb128 0x3b
 649 00d8 0B       		.uleb128 0xb
 650 00d9 49       		.uleb128 0x49
 651 00da 13       		.uleb128 0x13
 652 00db 3F       		.uleb128 0x3f
 653 00dc 19       		.uleb128 0x19
 654 00dd 3C       		.uleb128 0x3c
 655 00de 19       		.uleb128 0x19
 656 00df 00       		.byte	0
 657 00e0 00       		.byte	0
 658 00e1 12       		.uleb128 0x12
 659 00e2 34       		.uleb128 0x34
 660 00e3 00       		.byte	0
 661 00e4 03       		.uleb128 0x3
 662 00e5 0E       		.uleb128 0xe
 663 00e6 3A       		.uleb128 0x3a
 664 00e7 0B       		.uleb128 0xb
 665 00e8 3B       		.uleb128 0x3b
 666 00e9 0B       		.uleb128 0xb
 667 00ea 49       		.uleb128 0x49
 668 00eb 13       		.uleb128 0x13
 669 00ec 3F       		.uleb128 0x3f
 670 00ed 19       		.uleb128 0x19
 671 00ee 02       		.uleb128 0x2
 672 00ef 18       		.uleb128 0x18
 673 00f0 00       		.byte	0
 674 00f1 00       		.byte	0
 675 00f2 13       		.uleb128 0x13
 676 00f3 2E       		.uleb128 0x2e
 677 00f4 00       		.byte	0
 678 00f5 3F       		.uleb128 0x3f
 679 00f6 19       		.uleb128 0x19
 680 00f7 03       		.uleb128 0x3
 681 00f8 0E       		.uleb128 0xe
 682 00f9 3A       		.uleb128 0x3a
 683 00fa 0B       		.uleb128 0xb
 684 00fb 3B       		.uleb128 0x3b
 685 00fc 0B       		.uleb128 0xb
 686 00fd 27       		.uleb128 0x27
 687 00fe 19       		.uleb128 0x19
 688 00ff 3C       		.uleb128 0x3c
 689 0100 19       		.uleb128 0x19
 690 0101 00       		.byte	0
ARM GAS  C:\Users\Pablo\AppData\Local\Temp\cc5wKjri.s 			page 14


 691 0102 00       		.byte	0
 692 0103 14       		.uleb128 0x14
 693 0104 2E       		.uleb128 0x2e
 694 0105 01       		.byte	0x1
 695 0106 3F       		.uleb128 0x3f
 696 0107 19       		.uleb128 0x19
 697 0108 03       		.uleb128 0x3
 698 0109 0E       		.uleb128 0xe
 699 010a 3A       		.uleb128 0x3a
 700 010b 0B       		.uleb128 0xb
 701 010c 3B       		.uleb128 0x3b
 702 010d 0B       		.uleb128 0xb
 703 010e 27       		.uleb128 0x27
 704 010f 19       		.uleb128 0x19
 705 0110 3C       		.uleb128 0x3c
 706 0111 19       		.uleb128 0x19
 707 0112 01       		.uleb128 0x1
 708 0113 13       		.uleb128 0x13
 709 0114 00       		.byte	0
 710 0115 00       		.byte	0
 711 0116 15       		.uleb128 0x15
 712 0117 05       		.uleb128 0x5
 713 0118 00       		.byte	0
 714 0119 49       		.uleb128 0x49
 715 011a 13       		.uleb128 0x13
 716 011b 00       		.byte	0
 717 011c 00       		.byte	0
 718 011d 16       		.uleb128 0x16
 719 011e 2E       		.uleb128 0x2e
 720 011f 01       		.byte	0x1
 721 0120 3F       		.uleb128 0x3f
 722 0121 19       		.uleb128 0x19
 723 0122 03       		.uleb128 0x3
 724 0123 0E       		.uleb128 0xe
 725 0124 3A       		.uleb128 0x3a
 726 0125 0B       		.uleb128 0xb
 727 0126 3B       		.uleb128 0x3b
 728 0127 0B       		.uleb128 0xb
 729 0128 27       		.uleb128 0x27
 730 0129 19       		.uleb128 0x19
 731 012a 49       		.uleb128 0x49
 732 012b 13       		.uleb128 0x13
 733 012c 3C       		.uleb128 0x3c
 734 012d 19       		.uleb128 0x19
 735 012e 01       		.uleb128 0x1
 736 012f 13       		.uleb128 0x13
 737 0130 00       		.byte	0
 738 0131 00       		.byte	0
 739 0132 17       		.uleb128 0x17
 740 0133 0F       		.uleb128 0xf
 741 0134 00       		.byte	0
 742 0135 0B       		.uleb128 0xb
 743 0136 0B       		.uleb128 0xb
 744 0137 49       		.uleb128 0x49
 745 0138 13       		.uleb128 0x13
 746 0139 00       		.byte	0
 747 013a 00       		.byte	0
ARM GAS  C:\Users\Pablo\AppData\Local\Temp\cc5wKjri.s 			page 15


 748 013b 00       		.byte	0
 749              		.section	.debug_loc,"",%progbits
 750              	.Ldebug_loc0:
 751              	.LLST0:
 752 0000 04000000 		.4byte	.LVL0
 753 0004 0C000000 		.4byte	.LVL2
 754 0008 0200     		.2byte	0x2
 755 000a 30       		.byte	0x30
 756 000b 9F       		.byte	0x9f
 757 000c 0C000000 		.4byte	.LVL2
 758 0010 2C000000 		.4byte	.LVL7
 759 0014 0100     		.2byte	0x1
 760 0016 55       		.byte	0x55
 761 0017 2C000000 		.4byte	.LVL7
 762 001b 5C000000 		.4byte	.LFE34
 763 001f 0100     		.2byte	0x1
 764 0021 54       		.byte	0x54
 765 0022 00000000 		.4byte	0
 766 0026 00000000 		.4byte	0
 767              		.section	.debug_aranges,"",%progbits
 768 0000 1C000000 		.4byte	0x1c
 769 0004 0200     		.2byte	0x2
 770 0006 00000000 		.4byte	.Ldebug_info0
 771 000a 04       		.byte	0x4
 772 000b 00       		.byte	0
 773 000c 0000     		.2byte	0
 774 000e 0000     		.2byte	0
 775 0010 00000000 		.4byte	.LFB34
 776 0014 5C000000 		.4byte	.LFE34-.LFB34
 777 0018 00000000 		.4byte	0
 778 001c 00000000 		.4byte	0
 779              		.section	.debug_ranges,"",%progbits
 780              	.Ldebug_ranges0:
 781 0000 00000000 		.4byte	.LFB34
 782 0004 5C000000 		.4byte	.LFE34
 783 0008 00000000 		.4byte	0
 784 000c 00000000 		.4byte	0
 785              		.section	.debug_line,"",%progbits
 786              	.Ldebug_line0:
 787 0000 8F010000 		.section	.debug_str,"MS",%progbits,1
 787      02005701 
 787      00000201 
 787      FB0E0D00 
 787      01010101 
 788              	.LASF3:
 789 0000 5F5F7569 		.ascii	"__uint8_t\000"
 789      6E74385F 
 789      7400
 790              	.LASF27:
 791 000a 4C45445F 		.ascii	"LED_Write\000"
 791      57726974 
 791      6500
 792              	.LASF23:
 793 0014 58424545 		.ascii	"XBEE_BROADCAST_HW_ADDRESS\000"
 793      5F42524F 
 793      41444341 
 793      53545F48 
ARM GAS  C:\Users\Pablo\AppData\Local\Temp\cc5wKjri.s 			page 16


 793      575F4144 
 794              	.LASF24:
 795 002e 58424545 		.ascii	"XBEE_BROADCAST_NWK_ADDRESS\000"
 795      5F42524F 
 795      41444341 
 795      53545F4E 
 795      574B5F41 
 796              	.LASF15:
 797 0049 666C6F61 		.ascii	"float\000"
 797      7400
 798              	.LASF21:
 799 004f 63686563 		.ascii	"checksum\000"
 799      6B73756D 
 799      00
 800              	.LASF1:
 801 0058 756E7369 		.ascii	"unsigned char\000"
 801      676E6564 
 801      20636861 
 801      7200
 802              	.LASF32:
 803 0066 6672616D 		.ascii	"frameId\000"
 803      65496400 
 804              	.LASF34:
 805 006e 58424545 		.ascii	"XBEE_ZigBeeTransmitRequest\000"
 805      5F5A6967 
 805      42656554 
 805      72616E73 
 805      6D697452 
 806              	.LASF30:
 807 0089 433A5C55 		.ascii	"C:\\Users\\Pablo\\Documents\\XBee-PSoC\\PSoC4200 Tx"
 807      73657273 
 807      5C506162 
 807      6C6F5C44 
 807      6F63756D 
 808 00b7 20457861 		.ascii	" Example.cydsn\000"
 808      6D706C65 
 808      2E637964 
 808      736E00
 809              	.LASF13:
 810 00c6 75696E74 		.ascii	"uint8\000"
 810      3800
 811              	.LASF4:
 812 00cc 5F5F7569 		.ascii	"__uint16_t\000"
 812      6E743136 
 812      5F7400
 813              	.LASF16:
 814 00d7 646F7562 		.ascii	"double\000"
 814      6C6500
 815              	.LASF31:
 816 00de 6D61696E 		.ascii	"main\000"
 816      00
 817              	.LASF25:
 818 00e3 7061636B 		.ascii	"packet\000"
 818      657400
 819              	.LASF33:
 820 00ea 58424545 		.ascii	"XBEE_Start\000"
 820      5F537461 
ARM GAS  C:\Users\Pablo\AppData\Local\Temp\cc5wKjri.s 			page 17


 820      727400
 821              	.LASF14:
 822 00f5 75696E74 		.ascii	"uint32\000"
 822      333200
 823              	.LASF7:
 824 00fc 6C6F6E67 		.ascii	"long unsigned int\000"
 824      20756E73 
 824      69676E65 
 824      6420696E 
 824      7400
 825              	.LASF10:
 826 010e 756E7369 		.ascii	"unsigned int\000"
 826      676E6564 
 826      20696E74 
 826      00
 827              	.LASF9:
 828 011b 6C6F6E67 		.ascii	"long long unsigned int\000"
 828      206C6F6E 
 828      6720756E 
 828      7369676E 
 828      65642069 
 829              	.LASF11:
 830 0132 75696E74 		.ascii	"uint8_t\000"
 830      385F7400 
 831              	.LASF20:
 832 013a 7061796C 		.ascii	"payload\000"
 832      6F616400 
 833              	.LASF18:
 834 0142 73697A65 		.ascii	"sizetype\000"
 834      74797065 
 834      00
 835              	.LASF8:
 836 014b 6C6F6E67 		.ascii	"long long int\000"
 836      206C6F6E 
 836      6720696E 
 836      7400
 837              	.LASF29:
 838 0159 6D61696E 		.ascii	"main.c\000"
 838      2E6300
 839              	.LASF17:
 840 0160 63686172 		.ascii	"char\000"
 840      00
 841              	.LASF28:
 842 0165 474E5520 		.ascii	"GNU C 4.9.3 20150303 (release) [ARM/embedded-4_9-br"
 842      4320342E 
 842      392E3320 
 842      32303135 
 842      30333033 
 843 0198 616E6368 		.ascii	"anch revision 221220] -mcpu=cortex-m0 -mthumb -g -O"
 843      20726576 
 843      6973696F 
 843      6E203232 
 843      31323230 
 844 01cb 67202D66 		.ascii	"g -ffunction-sections -ffat-lto-objects\000"
 844      66756E63 
 844      74696F6E 
 844      2D736563 
ARM GAS  C:\Users\Pablo\AppData\Local\Temp\cc5wKjri.s 			page 18


 844      74696F6E 
 845              	.LASF2:
 846 01f3 73686F72 		.ascii	"short int\000"
 846      7420696E 
 846      7400
 847              	.LASF12:
 848 01fd 75696E74 		.ascii	"uint16_t\000"
 848      31365F74 
 848      00
 849              	.LASF22:
 850 0206 58424545 		.ascii	"XBEE_packet_t\000"
 850      5F706163 
 850      6B65745F 
 850      7400
 851              	.LASF6:
 852 0214 6C6F6E67 		.ascii	"long int\000"
 852      20696E74 
 852      00
 853              	.LASF0:
 854 021d 7369676E 		.ascii	"signed char\000"
 854      65642063 
 854      68617200 
 855              	.LASF5:
 856 0229 73686F72 		.ascii	"short unsigned int\000"
 856      7420756E 
 856      7369676E 
 856      65642069 
 856      6E7400
 857              	.LASF19:
 858 023c 6C656E67 		.ascii	"length\000"
 858      746800
 859              	.LASF26:
 860 0243 43794465 		.ascii	"CyDelay\000"
 860      6C617900 
 861              		.ident	"GCC: (GNU Tools for ARM Embedded Processors) 4.9.3 20150303 (release) [ARM/embedded-4_9-br
